\BOOKMARK [1][-]{section.1}{An overview about thermodynamics}{}% 1
\BOOKMARK [1][-]{section.2}{Kinetic Theory of Gases}{}% 2
\BOOKMARK [1][-]{section.1}{Microstates and Macrostates}{}% 3
\BOOKMARK [1][-]{section.2}{Multiplicity in Einstein Solids}{}% 4
\BOOKMARK [1][-]{section.3}{Contact between statistics and thermodynamics}{}% 5
\BOOKMARK [1][-]{section.4}{More complete contact}{}% 6
\BOOKMARK [1][-]{section.1}{Some useful equations}{}% 7
\BOOKMARK [1][-]{section.2}{First law of thermodynamics}{}% 8
\BOOKMARK [1][-]{section.3}{Compression Work and PV diagram}{}% 9
\BOOKMARK [2][-]{subsection.3.1}{Compression on ideal gas}{section.3}% 10
\BOOKMARK [2][-]{subsection.3.2}{Isothermal Compression}{section.3}% 11
\BOOKMARK [2][-]{subsection.3.3}{Adiabatic Compression}{section.3}% 12
\BOOKMARK [1][-]{section.1}{Some useful equations}{}% 13
\BOOKMARK [1][-]{section.2}{Compression Work}{}% 14
\BOOKMARK [1][-]{section.3}{Heat Capacities}{}% 15
\BOOKMARK [1][-]{section.4}{Enthalpy}{}% 16
\BOOKMARK [1][-]{section.1}{Introduction}{}% 17
\BOOKMARK [1][-]{section.2}{Combinatorics s and Two-state systems}{}% 18
\BOOKMARK [1][-]{section.3}{The Einstein Model of a Solid}{}% 19
\BOOKMARK [1][-]{section.1}{Two Interacting Einstein Solids}{}% 20
\BOOKMARK [1][-]{section.2}{Stirling Approximation}{}% 21
\BOOKMARK [1][-]{section.3}{Computer Programming}{}% 22
\BOOKMARK [1][-]{section.1}{Calculate \040for a Einstein Solid}{}% 23
\BOOKMARK [1][-]{section.2}{Calculate \040for two Einstein Solids}{}% 24
\BOOKMARK [1][-]{section.3}{Ideal Gas}{}% 25
\BOOKMARK [1][-]{section.4}{Appendix: Area of high-dimensional Hypersphere}{}% 26
\BOOKMARK [1][-]{section.1}{Entropy}{}% 27
\BOOKMARK [1][-]{section.2}{Entropy of Einstein Solid}{}% 28
\BOOKMARK [1][-]{section.3}{Entropy of an Ideal Gas}{}% 29
\BOOKMARK [1][-]{section.4}{Mixing Entropy of an Ideal Gas}{}% 30
\BOOKMARK [1][-]{section.5}{Irreversible process}{}% 31
\BOOKMARK [1][-]{section.6}{Homework}{}% 32
\BOOKMARK [1][-]{section.1}{Express Temperature with respect to Entropy}{}% 33
\BOOKMARK [1][-]{section.2}{Einstein Solid}{}% 34
\BOOKMARK [1][-]{section.3}{Ideal Gas}{}% 35
\BOOKMARK [1][-]{section.4}{Measuring Entropy}{}% 36
\BOOKMARK [1][-]{section.5}{Microscopic view}{}% 37
\BOOKMARK [1][-]{section.1}{Mechanical Equilibrium and Pressure}{}% 38
\BOOKMARK [1][-]{section.2}{Thermodynamic Identity}{}% 39
\BOOKMARK [1][-]{section.3}{Homework}{}% 40
\BOOKMARK [1][-]{section.1}{Chemical Potential}{}% 41
\BOOKMARK [1][-]{section.2}{The Generalized Thermodynamic Identity}{}% 42
\BOOKMARK [1][-]{section.3}{Chemical potential for Einstein Solid}{}% 43
\BOOKMARK [1][-]{section.4}{Chemical potential for ideal gas}{}% 44
\BOOKMARK [1][-]{section.5}{Exercise}{}% 45
\BOOKMARK [1][-]{section.6}{Homework}{}% 46
\BOOKMARK [1][-]{section.1}{Two-state paramagnet}{}% 47
\BOOKMARK [1][-]{section.2}{Numerical results}{}% 48
\BOOKMARK [1][-]{section.3}{Analytic solution}{}% 49
\BOOKMARK [1][-]{section.4}{Homework}{}% 50
\BOOKMARK [1][-]{section.1}{Heat Engines and Refrigerators}{}% 51
\BOOKMARK [1][-]{section.2}{Refrigerator}{}% 52
\BOOKMARK [1][-]{section.3}{To calculate the efficiency}{}% 53
\BOOKMARK [1][-]{section.4}{The Carnot Cycle}{}% 54
\BOOKMARK [1][-]{section.5}{Homework}{}% 55
\BOOKMARK [1][-]{section.1}{Real Heat Engines}{}% 56
\BOOKMARK [1][-]{section.2}{Steam Engines and Real Refrigerators}{}% 57
\BOOKMARK [1][-]{section.3}{Homework}{}% 58
\BOOKMARK [1][-]{section.1}{Outline}{}% 59
\BOOKMARK [1][-]{section.2}{Free Energy}{}% 60
\BOOKMARK [1][-]{section.3}{How to measure G}{}% 61
\BOOKMARK [1][-]{section.4}{Electrochemical Reactions}{}% 62
\BOOKMARK [1][-]{section.5}{Thermodynamic Identities}{}% 63
\BOOKMARK [1][-]{section.6}{Maxwell Relation}{}% 64
\BOOKMARK [1][-]{section.1}{Free Energy as a Force toward Equilibrium}{}% 65
\BOOKMARK [1][-]{section.2}{Various Phase Transitions}{}% 66
\BOOKMARK [1][-]{section.3}{The Clausius-Clapeyron Relation}{}% 67
\BOOKMARK [1][-]{section.4}{Homework}{}% 68
\BOOKMARK [1][-]{section.1}{The van der Waals Model}{}% 69
\BOOKMARK [1][-]{section.1}{Free Energy of Mixture}{}% 70
\BOOKMARK [1][-]{section.2}{Phase diagram of a Miscible Mixture}{}% 71
\BOOKMARK [1][-]{section.3}{Phase Diagram of Eutectic Mixture}{}% 72
\BOOKMARK [1][-]{section.1}{Solvent and Solute}{}% 73
\BOOKMARK [1][-]{section.2}{Osmotic Pressure}{}% 74
\BOOKMARK [1][-]{section.3}{Boiling and Freezing Points}{}% 75
\BOOKMARK [1][-]{section.1}{Gibbs Free Energy and Chemical Potential}{}% 76
\BOOKMARK [1][-]{section.2}{Chemical Equilibrium}{}% 77
\BOOKMARK [1][-]{section.3}{Nitrogen Fixation}{}% 78
\BOOKMARK [1][-]{section.4}{van't Hoff equation}{}% 79
\BOOKMARK [1][-]{section.5}{Homework}{}% 80
\BOOKMARK [1][-]{section.1}{Outline}{}% 81
\BOOKMARK [1][-]{section.2}{The Boltzmann Factor}{}% 82
\BOOKMARK [1][-]{section.3}{Partition Function}{}% 83
\BOOKMARK [1][-]{section.1}{Averaged Values}{}% 84
\BOOKMARK [1][-]{section.2}{Rotation of Diatomic Molecules}{}% 85
\BOOKMARK [1][-]{section.3}{Equipartition Theorem}{}% 86
\BOOKMARK [1][-]{section.1}{Maxwell Speed Distribution}{}% 87
\BOOKMARK [1][-]{section.2}{Partition Function and Free Energy}{}% 88
\BOOKMARK [1][-]{section.1}{Partition Functions for Composite Systems}{}% 89
\BOOKMARK [1][-]{section.2}{The Partition Function of Ideal Gas}{}% 90
\BOOKMARK [1][-]{section.1}{The Gibbs Factor}{}% 91
\BOOKMARK [1][-]{section.2}{Bosons and Fermions}{}% 92
\BOOKMARK [1][-]{section.3}{The Distribution Functions}{}% 93
\BOOKMARK [1][-]{section.1}{Einstein Model}{}% 94
\BOOKMARK [1][-]{section.2}{Debye Model}{}% 95
\BOOKMARK [1][-]{section.3}{Further Discussions}{}% 96
\BOOKMARK [1][-]{section.1}{The Regime of Quantum Statistics}{}% 97
\BOOKMARK [1][-]{section.2}{Electron at 0 K}{}% 98
\BOOKMARK [1][-]{section.3}{Small Nonzero Temperature}{}% 99
\BOOKMARK [1][-]{section.1}{The statistical behavior for Bosons}{}% 100
\BOOKMARK [1][-]{section.2}{Computing the total number of Bosons}{}% 101
\BOOKMARK [1][-]{section.3}{Real World Examples}{}% 102
\BOOKMARK [1][-]{section.4}{Why does it happen}{}% 103
